2026-03-18 05:00:14: [18.03.2026, 06:00:14] WARN  Trade skipped for EURCAD: Position bereits offen für EURCAD — übersprungen.
2026-03-19 08:30:19: [19.03.2026, 09:30:19] WARN  Trade skipped for CHFJPY: Position bereits offen für CHFJPY — übersprungen.
2026-03-19 09:30:06: [19.03.2026, 10:30:06] ERROR Failed to open trade for USDCHF: error.invalid.takeprofit.minvalue: 0.79332
2026-03-19 09:30:06: [19.03.2026, 10:30:06] WARN  Trade skipped for USDCHF: Trade fehlgeschlagen: error.invalid.takeprofit.minvalue: 0.79332
2026-03-19 11:30:07: [19.03.2026, 12:30:07] ERROR Failed to open trade for USDCHF: error.invalid.takeprofit.minvalue: 0.79564
2026-03-19 11:30:07: [19.03.2026, 12:30:07] WARN  Trade skipped for USDCHF: Trade fehlgeschlagen: error.invalid.takeprofit.minvalue: 0.79564
2026-03-19 13:15:27: [19.03.2026, 14:15:27] ERROR Failed to open trade for GBPAUD: error.invalid.takeprofit.minvalue: 1.89943
2026-03-19 13:15:27: [19.03.2026, 14:15:27] WARN  Trade skipped for GBPAUD: Trade fehlgeschlagen: error.invalid.takeprofit.minvalue: 1.89943
2026-03-19 13:45:20: [19.03.2026, 14:45:20] ERROR Failed to open trade for CHFJPY: error.invalid.takeprofit.maxvalue: 199.821
2026-03-19 13:45:20: [19.03.2026, 14:45:20] WARN  Trade skipped for CHFJPY: Trade fehlgeschlagen: error.invalid.takeprofit.maxvalue: 199.821
2026-03-19 17:45:27: [19.03.2026, 18:45:27] ERROR Failed to open trade for GBPAUD: error.invalid.takeprofit.minvalue: 1.90004
2026-03-19 17:45:27: [19.03.2026, 18:45:27] WARN  Trade skipped for GBPAUD: Trade fehlgeschlagen: error.invalid.takeprofit.minvalue: 1.90004
2026-03-20 02:06:12: [20.03.2026, 03:06:12] WARN  Trade skipped for CHFJPY: CHFJPY: Preis bereits über TP — Trade übersprungen
2026-03-20 07:30:12: [20.03.2026, 08:30:12] WARN  Trade skipped for CHFJPY: CHFJPY: Preis bereits über TP — Trade übersprungen
2026-03-20 09:18:16: [20.03.2026, 10:18:16] WARN  Trade skipped for GBPCAD: GBPCAD: Preis bereits unter TP — Trade übersprungen
2026-03-21 13:31:23: /var/www/ttrades-bot/dist/index.js:218
2026-03-21 13:31:23:         let strength = null;
2026-03-21 13:31:23:             ^
2026-03-21 13:31:23: 
2026-03-21 13:31:23: SyntaxError: Identifier 'strength' has already been declared
2026-03-21 13:31:23:     at wrapSafe (node:internal/modules/cjs/loader:1637:18)
2026-03-21 13:31:23:     at Module._compile (node:internal/modules/cjs/loader:1679:20)
2026-03-21 13:31:23:     at Object..js (node:internal/modules/cjs/loader:1838:10)
2026-03-21 13:31:23:     at Module.load (node:internal/modules/cjs/loader:1441:32)
2026-03-21 13:31:23:     at Function._load (node:internal/modules/cjs/loader:1263:12)
2026-03-21 13:31:23:     at Object.<anonymous> (/usr/lib/node_modules/pm2/lib/ProcessContainerFork.js:33:23)
2026-03-21 13:31:23:     at Module._compile (node:internal/modules/cjs/loader:1705:14)
2026-03-21 13:31:23:     at Object..js (node:internal/modules/cjs/loader:1838:10)
2026-03-21 13:31:23:     at Module.load (node:internal/modules/cjs/loader:1441:32)
2026-03-21 13:31:23:     at Function._load (node:internal/modules/cjs/loader:1263:12)
2026-03-21 13:31:23: /var/www/ttrades-bot/dist/index.js:218
2026-03-21 13:31:23:         let strength = null;
2026-03-21 13:31:23:             ^
2026-03-21 13:31:23: 
2026-03-21 13:31:23: SyntaxError: Identifier 'strength' has already been declared
2026-03-21 13:31:23:     at wrapSafe (node:internal/modules/cjs/loader:1637:18)
2026-03-21 13:31:23:     at Module._compile (node:internal/modules/cjs/loader:1679:20)
2026-03-21 13:31:23:     at Object..js (node:internal/modules/cjs/loader:1838:10)
2026-03-21 13:31:23:     at Module.load (node:internal/modules/cjs/loader:1441:32)
2026-03-21 13:31:23:     at Function._load (node:internal/modules/cjs/loader:1263:12)
2026-03-21 13:31:23:     at Object.<anonymous> (/usr/lib/node_modules/pm2/lib/ProcessContainerFork.js:33:23)
2026-03-21 13:31:23:     at Module._compile (node:internal/modules/cjs/loader:1705:14)
2026-03-21 13:31:23:     at Object..js (node:internal/modules/cjs/loader:1838:10)
2026-03-21 13:31:23:     at Module.load (node:internal/modules/cjs/loader:1441:32)
2026-03-21 13:31:23:     at Function._load (node:internal/modules/cjs/loader:1263:12)
2026-03-21 13:31:24: /var/www/ttrades-bot/dist/index.js:218
2026-03-21 13:31:24:         let strength = null;
2026-03-21 13:31:24:             ^
2026-03-21 13:31:24: 
2026-03-21 13:31:24: SyntaxError: Identifier 'strength' has already been declared
2026-03-21 13:31:24:     at wrapSafe (node:internal/modules/cjs/loader:1637:18)
2026-03-21 13:31:24:     at Module._compile (node:internal/modules/cjs/loader:1679:20)
2026-03-21 13:31:24:     at Object..js (node:internal/modules/cjs/loader:1838:10)
2026-03-21 13:31:24:     at Module.load (node:internal/modules/cjs/loader:1441:32)
2026-03-21 13:31:24:     at Function._load (node:internal/modules/cjs/loader:1263:12)
2026-03-21 13:31:24:     at Object.<anonymous> (/usr/lib/node_modules/pm2/lib/ProcessContainerFork.js:33:23)
2026-03-21 13:31:24:     at Module._compile (node:internal/modules/cjs/loader:1705:14)
2026-03-21 13:31:24:     at Object..js (node:internal/modules/cjs/loader:1838:10)
2026-03-21 13:31:24:     at Module.load (node:internal/modules/cjs/loader:1441:32)
2026-03-21 13:31:24:     at Function._load (node:internal/modules/cjs/loader:1263:12)
2026-03-21 13:31:24: /var/www/ttrades-bot/dist/index.js:218
2026-03-21 13:31:24:         let strength = null;
2026-03-21 13:31:24:             ^
2026-03-21 13:31:24: 
2026-03-21 13:31:24: SyntaxError: Identifier 'strength' has already been declared
2026-03-21 13:31:24:     at wrapSafe (node:internal/modules/cjs/loader:1637:18)
2026-03-21 13:31:24:     at Module._compile (node:internal/modules/cjs/loader:1679:20)
2026-03-21 13:31:24:     at Object..js (node:internal/modules/cjs/loader:1838:10)
2026-03-21 13:31:24:     at Module.load (node:internal/modules/cjs/loader:1441:32)
2026-03-21 13:31:24:     at Function._load (node:internal/modules/cjs/loader:1263:12)
2026-03-21 13:31:24:     at Object.<anonymous> (/usr/lib/node_modules/pm2/lib/ProcessContainerFork.js:33:23)
2026-03-21 13:31:24:     at Module._compile (node:internal/modules/cjs/loader:1705:14)
2026-03-21 13:31:24:     at Object..js (node:internal/modules/cjs/loader:1838:10)
2026-03-21 13:31:24:     at Module.load (node:internal/modules/cjs/loader:1441:32)
2026-03-21 13:31:24:     at Function._load (node:internal/modules/cjs/loader:1263:12)
2026-03-21 13:31:24: /var/www/ttrades-bot/dist/index.js:218
2026-03-21 13:31:24:         let strength = null;
2026-03-21 13:31:24:             ^
2026-03-21 13:31:24: 
2026-03-21 13:31:24: SyntaxError: Identifier 'strength' has already been declared
2026-03-21 13:31:24:     at wrapSafe (node:internal/modules/cjs/loader:1637:18)
2026-03-21 13:31:24:     at Module._compile (node:internal/modules/cjs/loader:1679:20)
2026-03-21 13:31:24:     at Object..js (node:internal/modules/cjs/loader:1838:10)
2026-03-21 13:31:24:     at Module.load (node:internal/modules/cjs/loader:1441:32)
2026-03-21 13:31:24:     at Function._load (node:internal/modules/cjs/loader:1263:12)
2026-03-21 13:31:24:     at Object.<anonymous> (/usr/lib/node_modules/pm2/lib/ProcessContainerFork.js:33:23)
2026-03-21 13:31:24:     at Module._compile (node:internal/modules/cjs/loader:1705:14)
2026-03-21 13:31:24:     at Object..js (node:internal/modules/cjs/loader:1838:10)
2026-03-21 13:31:24:     at Module.load (node:internal/modules/cjs/loader:1441:32)
2026-03-21 13:31:24:     at Function._load (node:internal/modules/cjs/loader:1263:12)
2026-03-21 13:31:24: /var/www/ttrades-bot/dist/index.js:218
2026-03-21 13:31:24:         let strength = null;
2026-03-21 13:31:24:             ^
2026-03-21 13:31:24: 
2026-03-21 13:31:24: SyntaxError: Identifier 'strength' has already been declared
2026-03-21 13:31:24:     at wrapSafe (node:internal/modules/cjs/loader:1637:18)
2026-03-21 13:31:24:     at Module._compile (node:internal/modules/cjs/loader:1679:20)
2026-03-21 13:31:24:     at Object..js (node:internal/modules/cjs/loader:1838:10)
2026-03-21 13:31:24:     at Module.load (node:internal/modules/cjs/loader:1441:32)
2026-03-21 13:31:24:     at Function._load (node:internal/modules/cjs/loader:1263:12)
2026-03-21 13:31:24:     at Object.<anonymous> (/usr/lib/node_modules/pm2/lib/ProcessContainerFork.js:33:23)
2026-03-21 13:31:24:     at Module._compile (node:internal/modules/cjs/loader:1705:14)
2026-03-21 13:31:24:     at Object..js (node:internal/modules/cjs/loader:1838:10)
2026-03-21 13:31:24:     at Module.load (node:internal/modules/cjs/loader:1441:32)
2026-03-21 13:31:24:     at Function._load (node:internal/modules/cjs/loader:1263:12)
2026-03-21 13:31:24: /var/www/ttrades-bot/dist/index.js:218
2026-03-21 13:31:24:         let strength = null;
2026-03-21 13:31:24:             ^
2026-03-21 13:31:24: 
2026-03-21 13:31:24: SyntaxError: Identifier 'strength' has already been declared
2026-03-21 13:31:24:     at wrapSafe (node:internal/modules/cjs/loader:1637:18)
2026-03-21 13:31:24:     at Module._compile (node:internal/modules/cjs/loader:1679:20)
2026-03-21 13:31:24:     at Object..js (node:internal/modules/cjs/loader:1838:10)
2026-03-21 13:31:24:     at Module.load (node:internal/modules/cjs/loader:1441:32)
2026-03-21 13:31:24:     at Function._load (node:internal/modules/cjs/loader:1263:12)
2026-03-21 13:31:24:     at Object.<anonymous> (/usr/lib/node_modules/pm2/lib/ProcessContainerFork.js:33:23)
2026-03-21 13:31:24:     at Module._compile (node:internal/modules/cjs/loader:1705:14)
2026-03-21 13:31:24:     at Object..js (node:internal/modules/cjs/loader:1838:10)
2026-03-21 13:31:24:     at Module.load (node:internal/modules/cjs/loader:1441:32)
2026-03-21 13:31:24:     at Function._load (node:internal/modules/cjs/loader:1263:12)
2026-03-21 13:31:24: /var/www/ttrades-bot/dist/index.js:218
2026-03-21 13:31:24:         let strength = null;
2026-03-21 13:31:24:             ^
2026-03-21 13:31:24: 
2026-03-21 13:31:24: SyntaxError: Identifier 'strength' has already been declared
2026-03-21 13:31:24:     at wrapSafe (node:internal/modules/cjs/loader:1637:18)
2026-03-21 13:31:24:     at Module._compile (node:internal/modules/cjs/loader:1679:20)
2026-03-21 13:31:24:     at Object..js (node:internal/modules/cjs/loader:1838:10)
2026-03-21 13:31:24:     at Module.load (node:internal/modules/cjs/loader:1441:32)
2026-03-21 13:31:24:     at Function._load (node:internal/modules/cjs/loader:1263:12)
2026-03-21 13:31:24:     at Object.<anonymous> (/usr/lib/node_modules/pm2/lib/ProcessContainerFork.js:33:23)
2026-03-21 13:31:24:     at Module._compile (node:internal/modules/cjs/loader:1705:14)
2026-03-21 13:31:24:     at Object..js (node:internal/modules/cjs/loader:1838:10)
2026-03-21 13:31:24:     at Module.load (node:internal/modules/cjs/loader:1441:32)
2026-03-21 13:31:24:     at Function._load (node:internal/modules/cjs/loader:1263:12)
2026-03-21 13:31:25: /var/www/ttrades-bot/dist/index.js:218
2026-03-21 13:31:25:         let strength = null;
2026-03-21 13:31:25:             ^
2026-03-21 13:31:25: 
2026-03-21 13:31:25: SyntaxError: Identifier 'strength' has already been declared
2026-03-21 13:31:25:     at wrapSafe (node:internal/modules/cjs/loader:1637:18)
2026-03-21 13:31:25:     at Module._compile (node:internal/modules/cjs/loader:1679:20)
2026-03-21 13:31:25:     at Object..js (node:internal/modules/cjs/loader:1838:10)
2026-03-21 13:31:25:     at Module.load (node:internal/modules/cjs/loader:1441:32)
2026-03-21 13:31:25:     at Function._load (node:internal/modules/cjs/loader:1263:12)
2026-03-21 13:31:25:     at Object.<anonymous> (/usr/lib/node_modules/pm2/lib/ProcessContainerFork.js:33:23)
2026-03-21 13:31:25:     at Module._compile (node:internal/modules/cjs/loader:1705:14)
2026-03-21 13:31:25:     at Object..js (node:internal/modules/cjs/loader:1838:10)
2026-03-21 13:31:25:     at Module.load (node:internal/modules/cjs/loader:1441:32)
2026-03-21 13:31:25:     at Function._load (node:internal/modules/cjs/loader:1263:12)
2026-03-21 13:31:25: /var/www/ttrades-bot/dist/index.js:218
2026-03-21 13:31:25:         let strength = null;
2026-03-21 13:31:25:             ^
2026-03-21 13:31:25: 
2026-03-21 13:31:25: SyntaxError: Identifier 'strength' has already been declared
2026-03-21 13:31:25:     at wrapSafe (node:internal/modules/cjs/loader:1637:18)
2026-03-21 13:31:25:     at Module._compile (node:internal/modules/cjs/loader:1679:20)
2026-03-21 13:31:25:     at Object..js (node:internal/modules/cjs/loader:1838:10)
2026-03-21 13:31:25:     at Module.load (node:internal/modules/cjs/loader:1441:32)
2026-03-21 13:31:25:     at Function._load (node:internal/modules/cjs/loader:1263:12)
2026-03-21 13:31:25:     at Object.<anonymous> (/usr/lib/node_modules/pm2/lib/ProcessContainerFork.js:33:23)
2026-03-21 13:31:25:     at Module._compile (node:internal/modules/cjs/loader:1705:14)
2026-03-21 13:31:25:     at Object..js (node:internal/modules/cjs/loader:1838:10)
2026-03-21 13:31:25:     at Module.load (node:internal/modules/cjs/loader:1441:32)
2026-03-21 13:31:25:     at Function._load (node:internal/modules/cjs/loader:1263:12)
2026-03-21 13:31:25: /var/www/ttrades-bot/dist/index.js:218
2026-03-21 13:31:25:         let strength = null;
2026-03-21 13:31:25:             ^
2026-03-21 13:31:25: 
2026-03-21 13:31:25: SyntaxError: Identifier 'strength' has already been declared
2026-03-21 13:31:25:     at wrapSafe (node:internal/modules/cjs/loader:1637:18)
2026-03-21 13:31:25:     at Module._compile (node:internal/modules/cjs/loader:1679:20)
2026-03-21 13:31:25:     at Object..js (node:internal/modules/cjs/loader:1838:10)
2026-03-21 13:31:25:     at Module.load (node:internal/modules/cjs/loader:1441:32)
2026-03-21 13:31:25:     at Function._load (node:internal/modules/cjs/loader:1263:12)
2026-03-21 13:31:25:     at Object.<anonymous> (/usr/lib/node_modules/pm2/lib/ProcessContainerFork.js:33:23)
2026-03-21 13:31:25:     at Module._compile (node:internal/modules/cjs/loader:1705:14)
2026-03-21 13:31:25:     at Object..js (node:internal/modules/cjs/loader:1838:10)
2026-03-21 13:31:25:     at Module.load (node:internal/modules/cjs/loader:1441:32)
2026-03-21 13:31:25:     at Function._load (node:internal/modules/cjs/loader:1263:12)
2026-03-21 13:31:25: /var/www/ttrades-bot/dist/index.js:218
2026-03-21 13:31:25:         let strength = null;
2026-03-21 13:31:25:             ^
2026-03-21 13:31:25: 
2026-03-21 13:31:25: SyntaxError: Identifier 'strength' has already been declared
2026-03-21 13:31:25:     at wrapSafe (node:internal/modules/cjs/loader:1637:18)
2026-03-21 13:31:25:     at Module._compile (node:internal/modules/cjs/loader:1679:20)
2026-03-21 13:31:25:     at Object..js (node:internal/modules/cjs/loader:1838:10)
2026-03-21 13:31:25:     at Module.load (node:internal/modules/cjs/loader:1441:32)
2026-03-21 13:31:25:     at Function._load (node:internal/modules/cjs/loader:1263:12)
2026-03-21 13:31:25:     at Object.<anonymous> (/usr/lib/node_modules/pm2/lib/ProcessContainerFork.js:33:23)
2026-03-21 13:31:25:     at Module._compile (node:internal/modules/cjs/loader:1705:14)
2026-03-21 13:31:25:     at Object..js (node:internal/modules/cjs/loader:1838:10)
2026-03-21 13:31:25:     at Module.load (node:internal/modules/cjs/loader:1441:32)
2026-03-21 13:31:25:     at Function._load (node:internal/modules/cjs/loader:1263:12)
2026-03-21 13:31:25: /var/www/ttrades-bot/dist/index.js:218
2026-03-21 13:31:25:         let strength = null;
2026-03-21 13:31:25:             ^
2026-03-21 13:31:25: 
2026-03-21 13:31:25: SyntaxError: Identifier 'strength' has already been declared
2026-03-21 13:31:25:     at wrapSafe (node:internal/modules/cjs/loader:1637:18)
2026-03-21 13:31:25:     at Module._compile (node:internal/modules/cjs/loader:1679:20)
2026-03-21 13:31:25:     at Object..js (node:internal/modules/cjs/loader:1838:10)
2026-03-21 13:31:25:     at Module.load (node:internal/modules/cjs/loader:1441:32)
2026-03-21 13:31:25:     at Function._load (node:internal/modules/cjs/loader:1263:12)
2026-03-21 13:31:25:     at Object.<anonymous> (/usr/lib/node_modules/pm2/lib/ProcessContainerFork.js:33:23)
2026-03-21 13:31:25:     at Module._compile (node:internal/modules/cjs/loader:1705:14)
2026-03-21 13:31:25:     at Object..js (node:internal/modules/cjs/loader:1838:10)
2026-03-21 13:31:25:     at Module.load (node:internal/modules/cjs/loader:1441:32)
2026-03-21 13:31:25:     at Function._load (node:internal/modules/cjs/loader:1263:12)
2026-03-21 13:31:25: /var/www/ttrades-bot/dist/index.js:218
2026-03-21 13:31:25:         let strength = null;
2026-03-21 13:31:25:             ^
2026-03-21 13:31:25: 
2026-03-21 13:31:25: SyntaxError: Identifier 'strength' has already been declared
2026-03-21 13:31:25:     at wrapSafe (node:internal/modules/cjs/loader:1637:18)
2026-03-21 13:31:25:     at Module._compile (node:internal/modules/cjs/loader:1679:20)
2026-03-21 13:31:25:     at Object..js (node:internal/modules/cjs/loader:1838:10)
2026-03-21 13:31:25:     at Module.load (node:internal/modules/cjs/loader:1441:32)
2026-03-21 13:31:25:     at Function._load (node:internal/modules/cjs/loader:1263:12)
2026-03-21 13:31:25:     at Object.<anonymous> (/usr/lib/node_modules/pm2/lib/ProcessContainerFork.js:33:23)
2026-03-21 13:31:25:     at Module._compile (node:internal/modules/cjs/loader:1705:14)
2026-03-21 13:31:25:     at Object..js (node:internal/modules/cjs/loader:1838:10)
2026-03-21 13:31:25:     at Module.load (node:internal/modules/cjs/loader:1441:32)
2026-03-21 13:31:25:     at Function._load (node:internal/modules/cjs/loader:1263:12)
2026-03-21 13:31:26: /var/www/ttrades-bot/dist/index.js:218
2026-03-21 13:31:26:         let strength = null;
2026-03-21 13:31:26:             ^
2026-03-21 13:31:26: 
2026-03-21 13:31:26: SyntaxError: Identifier 'strength' has already been declared
2026-03-21 13:31:26:     at wrapSafe (node:internal/modules/cjs/loader:1637:18)
2026-03-21 13:31:26:     at Module._compile (node:internal/modules/cjs/loader:1679:20)
2026-03-21 13:31:26:     at Object..js (node:internal/modules/cjs/loader:1838:10)
2026-03-21 13:31:26:     at Module.load (node:internal/modules/cjs/loader:1441:32)
2026-03-21 13:31:26:     at Function._load (node:internal/modules/cjs/loader:1263:12)
2026-03-21 13:31:26:     at Object.<anonymous> (/usr/lib/node_modules/pm2/lib/ProcessContainerFork.js:33:23)
2026-03-21 13:31:26:     at Module._compile (node:internal/modules/cjs/loader:1705:14)
2026-03-21 13:31:26:     at Object..js (node:internal/modules/cjs/loader:1838:10)
2026-03-21 13:31:26:     at Module.load (node:internal/modules/cjs/loader:1441:32)
2026-03-21 13:31:26:     at Function._load (node:internal/modules/cjs/loader:1263:12)
2026-03-21 13:31:26: /var/www/ttrades-bot/dist/index.js:218
2026-03-21 13:31:26:         let strength = null;
2026-03-21 13:31:26:             ^
2026-03-21 13:31:26: 
2026-03-21 13:31:26: SyntaxError: Identifier 'strength' has already been declared
2026-03-21 13:31:26:     at wrapSafe (node:internal/modules/cjs/loader:1637:18)
2026-03-21 13:31:26:     at Module._compile (node:internal/modules/cjs/loader:1679:20)
2026-03-21 13:31:26:     at Object..js (node:internal/modules/cjs/loader:1838:10)
2026-03-21 13:31:26:     at Module.load (node:internal/modules/cjs/loader:1441:32)
2026-03-21 13:31:26:     at Function._load (node:internal/modules/cjs/loader:1263:12)
2026-03-21 13:31:26:     at Object.<anonymous> (/usr/lib/node_modules/pm2/lib/ProcessContainerFork.js:33:23)
2026-03-21 13:31:26:     at Module._compile (node:internal/modules/cjs/loader:1705:14)
2026-03-21 13:31:26:     at Object..js (node:internal/modules/cjs/loader:1838:10)
2026-03-21 13:31:26:     at Module.load (node:internal/modules/cjs/loader:1441:32)
2026-03-21 13:31:26:     at Function._load (node:internal/modules/cjs/loader:1263:12)
